<?xml version="1.0" encoding="UTF-8"?>
<!-- Generated by org.testng.reporters.JUnitXMLReporter -->
<testsuite ignored="0" hostname="AELPT-0923" failures="0" tests="1" name="Test" time="0.106" errors="0" timestamp="2025-07-10T14:44:24 IST">
  <testcase classname="basePackage.baseClass" name="@AfterTest closeWeb" time="0.012">
    <failure type="java.lang.NullPointerException" message="Cannot invoke &amp;quot;org.openqa.selenium.WebDriver.quit()&amp;quot; because &amp;quot;basePackage.baseClass.driver&amp;quot; is null">
      <![CDATA[java.lang.NullPointerException: Cannot invoke "org.openqa.selenium.WebDriver.quit()" because "basePackage.baseClass.driver" is null
at basePackage.baseClass.closeWeb(baseClass.java:60)
... Removed 24 stack frames]]>
    </failure>
  </testcase> <!-- @AfterTest closeWeb -->
  <testcase classname="practiceLOcatorTest.SeleniumFileReadWriteTest" name="writeExcel" time="0.0">
    <skipped/>
  </testcase> <!-- writeExcel -->
</testsuite> <!-- Test -->
