<?xml version="1.0" encoding="UTF-8"?>
<testng-results ignored="0" total="1" passed="1" failed="0" skipped="0">
  <reporter-output>
  </reporter-output>
  <suite started-at="2025-07-12T19:18:24 IST" name="Default suite" finished-at="2025-07-12T19:18:38 IST" duration-ms="13384">
    <groups>
    </groups>
    <test started-at="2025-07-12T19:18:24 IST" name="Default test" finished-at="2025-07-12T19:18:38 IST" duration-ms="13384">
      <class name="practiceLOcatorTest.SeleniumFileReadWriteTest">
        <test-method is-config="true" signature="Initialized()[pri:0, instance:practiceLOcatorTest.SeleniumFileReadWriteTest@ffaa6af]" started-at="2025-07-12T19:18:24 IST" name="Initialized" finished-at="2025-07-12T19:18:29 IST" duration-ms="4180" status="PASS">
          <reporter-output>
          </reporter-output>
        </test-method> <!-- Initialized -->
        <test-method signature="writeExcel()[pri:0, instance:practiceLOcatorTest.SeleniumFileReadWriteTest@ffaa6af]" started-at="2025-07-12T19:18:29 IST" name="writeExcel" finished-at="2025-07-12T19:18:37 IST" duration-ms="8643" status="PASS">
          <reporter-output>
          </reporter-output>
        </test-method> <!-- writeExcel -->
        <test-method is-config="true" signature="closeWeb()[pri:0, instance:practiceLOcatorTest.SeleniumFileReadWriteTest@ffaa6af]" started-at="2025-07-12T19:18:37 IST" name="closeWeb" finished-at="2025-07-12T19:18:38 IST" duration-ms="490" status="PASS">
          <reporter-output>
          </reporter-output>
        </test-method> <!-- closeWeb -->
      </class> <!-- practiceLOcatorTest.SeleniumFileReadWriteTest -->
    </test> <!-- Default test -->
  </suite> <!-- Default suite -->
</testng-results>
